src/components/VaultItem.tsx(2,56): error TS6133: 'Copy' is declared but its value is never read.
src/pages/Settings.tsx(3,1): error TS6133: 'motion' is declared but its value is never read.
